<?xml version="1.0" encoding="UTF-8"?>
<!-- Generated by org.testng.reporters.JUnitReportReporter -->
<testsuite hostname="Ahmad-AbuAli" failures="0" tests="1" name="P01_Testcases.TC02_PopUps" time="2.304" errors="0" timestamp="2023-05-18T15:02:21 AST" skipped="0">
  <testcase classname="P01_Testcases.TC02_PopUps" name="PopUpsDeal" time="2.304"/>
  <system-out/>
</testsuite> <!-- P01_Testcases.TC02_PopUps -->
