<?xml version="1.0" encoding="UTF-8"?>
<!-- Generated by org.testng.reporters.JUnitReportReporter -->
<testsuite hostname="Ahmad-AbuAli" failures="0" tests="6" name="P01_Testcases.TC02_CheckBalanceInfoTest" time="40.407" errors="0" timestamp="2023-05-30T11:01:29 AST" skipped="3">
  <testcase classname="P01_Testcases.TC02_CheckBalanceInfoTest" name="Start_And_Enter_Number" time="11.000">
    <skipped/>
  </testcase> <!-- Start_And_Enter_Number -->
  <system-out/>
  <testcase classname="P01_Testcases.TC02_CheckBalanceInfoTest" name="Close_Device_Pop_Up" time="11.174">
    <skipped/>
  </testcase> <!-- Close_Device_Pop_Up -->
  <system-out/>
  <testcase classname="P01_Testcases.TC02_CheckBalanceInfoTest" name="Enter_OTP" time="0.876">
    <skipped/>
  </testcase> <!-- Enter_OTP -->
  <system-out/>
  <testcase classname="P01_Testcases.TC02_CheckBalanceInfoTest" name="Enter_Password" time="10.068"/>
  <system-out/>
  <testcase classname="P01_Testcases.TC02_CheckBalanceInfoTest" name="Open_Balance_Info" time="1.236"/>
  <system-out/>
  <testcase classname="P01_Testcases.TC02_CheckBalanceInfoTest" name="Close_Balance_Info_Pop_Up" time="6.053"/>
  <system-out/>
</testsuite> <!-- P01_Testcases.TC02_CheckBalanceInfoTest -->
