<?xml version="1.0" encoding="UTF-8"?>
<!-- Generated by org.testng.reporters.JUnitReportReporter -->
<testsuite hostname="Ahmad-AbuAli" failures="0" tests="2" name="P01_Testcases.Open_Login_Logout" time="33.480" errors="0" timestamp="2023-06-11T13:05:22 AST" skipped="0">
  <testcase classname="P01_Testcases.Open_Login_Logout" name="Open_And_Login_Test" time="17.163"/>
  <system-out/>
  <testcase classname="P01_Testcases.Open_Login_Logout" name="Logout_And_Close_Test" time="16.317"/>
  <system-out/>
</testsuite> <!-- P01_Testcases.Open_Login_Logout -->
