<?xml version="1.0" encoding="UTF-8"?>
<!-- Generated by org.testng.reporters.JUnitReportReporter -->
<testsuite hostname="Ahmad-AbuAli" failures="0" tests="4" name="P01_Testcases.TC07_BlackListCustomerOnBoarded" time="33.054" errors="0" timestamp="2023-06-01T16:02:02 AST" skipped="0">
  <testcase classname="P01_Testcases.TC07_BlackListCustomerOnBoarded" name="Start_And_Enter_Number" time="5.706"/>
  <system-out/>
  <testcase classname="P01_Testcases.TC07_BlackListCustomerOnBoarded" name="Enter_OTP" time="22.391"/>
  <system-out/>
  <testcase classname="P01_Testcases.TC07_BlackListCustomerOnBoarded" name="Input_Iqama" time="3.837"/>
  <system-out/>
  <testcase classname="P01_Testcases.TC07_BlackListCustomerOnBoarded" name="Check_Message" time="1.120"/>
  <system-out/>
</testsuite> <!-- P01_Testcases.TC07_BlackListCustomerOnBoarded -->
