<?xml version="1.0" encoding="UTF-8"?>
<!-- Generated by org.testng.reporters.JUnitReportReporter -->
<testsuite hostname="Ahmad-AbuAli" failures="0" tests="6" name="P01_Testcases.Wallet" time="52.427" errors="0" timestamp="2023-06-12T12:13:56 AST" skipped="0">
  <testcase classname="P01_Testcases.Wallet" name="Open_And_Login_Test" time="18.296"/>
  <system-out/>
  <testcase classname="P01_Testcases.Wallet" name="Open_Wallet" time="1.625"/>
  <system-out/>
  <testcase classname="P01_Testcases.Wallet" name="Open_Card_Details" time="2.034"/>
  <system-out/>
  <testcase classname="P01_Testcases.Wallet" name="Open_Card_Settings" time="0.848"/>
  <system-out/>
  <testcase classname="P01_Testcases.Wallet" name="Change_Debit_Limits_in_POS" time="11.531"/>
  <system-out/>
  <testcase classname="P01_Testcases.Wallet" name="Logout_And_Close_Test" time="18.093"/>
  <system-out/>
</testsuite> <!-- P01_Testcases.Wallet -->
