<?xml version="1.0" encoding="UTF-8"?>
<!-- Generated by org.testng.reporters.JUnitReportReporter -->
<testsuite hostname="Ahmad-AbuAli" failures="0" tests="4" name="P01_Testcases.TC01_StartingScreenTest" time="26.154" errors="0" timestamp="2023-05-22T11:29:33 AST" skipped="3">
  <testcase classname="P01_Testcases.TC01_StartingScreenTest" name="Start_And_Enter_Number" time="10.175">
    <skipped/>
  </testcase> <!-- Start_And_Enter_Number -->
  <system-out/>
  <testcase classname="P01_Testcases.TC01_StartingScreenTest" name="Close_Device_Pop_Ups" time="10.129">
    <skipped/>
  </testcase> <!-- Close_Device_Pop_Ups -->
  <system-out/>
  <testcase classname="P01_Testcases.TC01_StartingScreenTest" name="Enter_OTP" time="0.315">
    <skipped/>
  </testcase> <!-- Enter_OTP -->
  <system-out/>
  <testcase classname="P01_Testcases.TC01_StartingScreenTest" name="Enter_Password" time="5.535"/>
  <system-out/>
</testsuite> <!-- P01_Testcases.TC01_StartingScreenTest -->
