<?xml version="1.0" encoding="UTF-8"?>
<!-- Generated by org.testng.reporters.JUnitReportReporter -->
<testsuite hostname="Ahmad-AbuAli" failures="0" tests="4" name="P01_Testcases.Settings" time="40.834" errors="0" timestamp="2023-06-19T13:26:20 AST" skipped="0">
  <testcase classname="P01_Testcases.Settings" name="Open_And_Login_Test" time="25.058"/>
  <system-out/>
  <testcase classname="P01_Testcases.Settings" name="Open_Profile" time="0.979"/>
  <system-out/>
  <testcase classname="P01_Testcases.Settings" name="Open_Edit_Info" time="2.549"/>
  <system-out/>
  <testcase classname="P01_Testcases.Settings" name="Change_Mobile_Number" time="12.248"/>
  <system-out/>
</testsuite> <!-- P01_Testcases.Settings -->
