<?xml version="1.0" encoding="UTF-8"?>
<!-- Generated by org.testng.reporters.JUnitReportReporter -->
<testsuite hostname="Ahmad-AbuAli" failures="0" tests="9" name="P01_Testcases.TC05_AddSadadIDTest" time="40.540" errors="0" timestamp="2023-05-31T15:47:35 AST" skipped="3">
  <testcase classname="P01_Testcases.TC05_AddSadadIDTest" name="Start_And_Enter_Number" time="11.105">
    <skipped/>
  </testcase> <!-- Start_And_Enter_Number -->
  <system-out/>
  <testcase classname="P01_Testcases.TC05_AddSadadIDTest" name="Close_Device_Pop_Up" time="10.985">
    <skipped/>
  </testcase> <!-- Close_Device_Pop_Up -->
  <system-out/>
  <testcase classname="P01_Testcases.TC05_AddSadadIDTest" name="Enter_OTP" time="1.080">
    <skipped/>
  </testcase> <!-- Enter_OTP -->
  <system-out/>
  <testcase classname="P01_Testcases.TC05_AddSadadIDTest" name="Close_Bio_Pop_Up" time="6.029"/>
  <system-out/>
  <testcase classname="P01_Testcases.TC05_AddSadadIDTest" name="Enter_Password" time="5.836"/>
  <system-out/>
  <testcase classname="P01_Testcases.TC05_AddSadadIDTest" name="Open_Add_Money_Options" time="1.125"/>
  <system-out/>
  <testcase classname="P01_Testcases.TC05_AddSadadIDTest" name="Choose_Add_Money_Options" time="1.146"/>
  <system-out/>
  <testcase classname="P01_Testcases.TC05_AddSadadIDTest" name="Copy_SadadIDOption" time="1.843"/>
  <system-out/>
  <testcase classname="P01_Testcases.TC05_AddSadadIDTest" name="Check_Success_Message" time="1.391"/>
  <system-out/>
</testsuite> <!-- P01_Testcases.TC05_AddSadadIDTest -->
