<?xml version="1.0" encoding="UTF-8"?>
<!-- Generated by org.testng.reporters.JUnitReportReporter -->
<testsuite hostname="Ahmad-AbuAli" failures="0" tests="1" name="P01_Testcases.Open_And_Login" time="20.820" errors="0" timestamp="2023-06-04T13:49:30 AST" skipped="0">
  <testcase classname="P01_Testcases.Open_And_Login" name="Open_And_Login_Test" time="20.820"/>
  <system-out/>
</testsuite> <!-- P01_Testcases.Open_And_Login -->
