<?xml version="1.0" encoding="UTF-8"?>
<!-- Generated by org.testng.reporters.JUnitReportReporter -->
<testsuite hostname="Ahmad-AbuAli" failures="0" tests="4" name="P01_Testcases.TC01_OpenHomeScreenTest" time="24.398" errors="0" timestamp="2023-05-30T10:59:10 AST" skipped="0">
  <testcase classname="P01_Testcases.TC01_OpenHomeScreenTest" name="Start_And_Enter_Number" time="7.478"/>
  <system-out/>
  <testcase classname="P01_Testcases.TC01_OpenHomeScreenTest" name="Close_Device_Pop_Up" time="2.254"/>
  <system-out/>
  <testcase classname="P01_Testcases.TC01_OpenHomeScreenTest" name="Enter_OTP" time="3.940"/>
  <system-out/>
  <testcase classname="P01_Testcases.TC01_OpenHomeScreenTest" name="Enter_Password" time="10.726"/>
  <system-out/>
</testsuite> <!-- P01_Testcases.TC01_OpenHomeScreenTest -->
