<?xml version="1.0" encoding="UTF-8"?>
<!-- Generated by org.testng.reporters.JUnitReportReporter -->
<testsuite hostname="Ahmad-AbuAli" failures="0" tests="6" name="P01_Testcases.Add_Money" time="105.492" errors="0" timestamp="2023-06-11T13:20:26 AST" skipped="0">
  <testcase classname="P01_Testcases.Add_Money" name="Open_And_Login_Test" time="16.144"/>
  <system-out/>
  <testcase classname="P01_Testcases.Add_Money" name="Open_Add_Money" time="1.859"/>
  <system-out/>
  <testcase classname="P01_Testcases.Add_Money" name="Local_Or_International" time="5.106"/>
  <system-out/>
  <testcase classname="P01_Testcases.Add_Money" name="Sadad_ID" time="4.560"/>
  <system-out/>
  <testcase classname="P01_Testcases.Add_Money" name="Card_TopUp" time="61.829"/>
  <system-out/>
  <testcase classname="P01_Testcases.Add_Money" name="Logout_And_Close_Test" time="15.994"/>
  <system-out/>
</testsuite> <!-- P01_Testcases.Add_Money -->
