<?xml version="1.0" encoding="UTF-8"?>
<!-- Generated by org.testng.reporters.JUnitReportReporter -->
<testsuite hostname="Ahmad-AbuAli" failures="0" tests="1" name="LambdaDemo.LunchBrowser" time="3.049" errors="0" timestamp="2023-12-23T11:07:55 AST" skipped="0">
  <testcase classname="LambdaDemo.LunchBrowser" name="MyTest" time="3.049"/>
  <system-out/>
</testsuite> <!-- LambdaDemo.LunchBrowser -->
