<?xml version="1.0" encoding="UTF-8"?>
<!-- Generated by org.testng.reporters.JUnitReportReporter -->
<testsuite hostname="Ahmad-AbuAli" failures="0" tests="10" name="P01_Testcases.TC04_AddLocalOrInternationalTest" time="42.864" errors="0" timestamp="2023-05-31T11:36:54 AST" skipped="3">
  <testcase classname="P01_Testcases.TC04_AddLocalOrInternationalTest" name="Start_And_Enter_Number" time="10.744">
    <skipped/>
  </testcase> <!-- Start_And_Enter_Number -->
  <system-out/>
  <testcase classname="P01_Testcases.TC04_AddLocalOrInternationalTest" name="Close_Device_Pop_Up" time="10.720">
    <skipped/>
  </testcase> <!-- Close_Device_Pop_Up -->
  <system-out/>
  <testcase classname="P01_Testcases.TC04_AddLocalOrInternationalTest" name="Enter_OTP" time="1.465">
    <skipped/>
  </testcase> <!-- Enter_OTP -->
  <system-out/>
  <testcase classname="P01_Testcases.TC04_AddLocalOrInternationalTest" name="Close_Bio_Pop_Up" time="6.034"/>
  <system-out/>
  <testcase classname="P01_Testcases.TC04_AddLocalOrInternationalTest" name="Enter_Password" time="5.919"/>
  <system-out/>
  <testcase classname="P01_Testcases.TC04_AddLocalOrInternationalTest" name="Open_Add_Money_Options" time="0.883"/>
  <system-out/>
  <testcase classname="P01_Testcases.TC04_AddLocalOrInternationalTest" name="Choose_Add_Money_Options" time="2.995"/>
  <system-out/>
  <testcase classname="P01_Testcases.TC04_AddLocalOrInternationalTest" name="Check_Local_Or_InternationalOptions" time="1.110"/>
  <system-out/>
  <testcase classname="P01_Testcases.TC04_AddLocalOrInternationalTest" name="Copy_Local_Or_InternationalOptions" time="1.243"/>
  <system-out/>
  <testcase classname="P01_Testcases.TC04_AddLocalOrInternationalTest" name="Check_Success_Message" time="1.751"/>
  <system-out/>
</testsuite> <!-- P01_Testcases.TC04_AddLocalOrInternationalTest -->
