<?xml version="1.0" encoding="UTF-8"?>
<!-- Generated by org.testng.reporters.JUnitReportReporter -->
<testsuite hostname="Ahmad-AbuAli" failures="0" tests="1" name="P04_Utils.Data" time="0.399" errors="0" timestamp="2023-07-18T10:01:35 AST" skipped="0">
  <testcase classname="P04_Utils.Data" name="T" time="0.399"/>
  <system-out/>
</testsuite> <!-- P04_Utils.Data -->
