<?xml version="1.0" encoding="UTF-8"?>
<!-- Generated by org.testng.reporters.JUnitReportReporter -->
<testsuite hostname="Ahmad-AbuAli" failures="0" tests="7" name="P01_Testcases.Add_Beneficiaries" time="44.475" errors="2" timestamp="2023-06-12T12:26:47 AST" skipped="1">
  <testcase classname="P01_Testcases.Add_Beneficiaries" name="AfterMethod" time="0.745">
    <error message="Connection refused: no further information
Build info: version: &#039;4.10.0&#039;, revision: &#039;c14d967899&#039;
System info: os.name: &#039;Windows 11&#039;, os.arch: &#039;amd64&#039;, os.version: &#039;10.0&#039;, java.version: &#039;17.0.5&#039;
Driver info: io.appium.java_client.android.AndroidDriver
Command: [121527d9-b979-41be-9948-760497506eb1, screenshot {}]
Capabilities {appium:appActivity: com.emcrey.bouki.MainActivity, appium:appPackage: com.emcrey.riyadbank.cert, appium:autoGrantPermissions: true, appium:clearDeviceLogsOnStart: true, appium:clearSystemFiles: false, appium:databaseEnabled: false, appium:desired: {appActivity: com.emcrey.bouki.MainActivity, appPackage: com.emcrey.riyadbank.cert, autoGrantPermissions: true, clearDeviceLogsOnStart: true, clearSystemFiles: false, deviceName: AhmedM, ignoreHiddenApiPolicyError: true, noReset: true, noSign: true, platformName: ANDROID, platformVersion: 13, skipServerInstallation: false, skipUnlock: true, systemPort: 8200}, appium:deviceApiLevel: 33, appium:deviceManufacturer: OPPO, appium:deviceModel: CPH2159, appium:deviceName: 3468a9a9, appium:deviceScreenDensity: 480, appium:deviceScreenSize: 1080x2400, appium:deviceUDID: 3468a9a9, appium:ignoreHiddenApiPolicyError: true, appium:javascriptEnabled: true, appium:locationContextEnabled: false, appium:networkConnectionEnabled: true, appium:noReset: true, appium:noSign: true, appium:pixelRatio: 3, appium:platformVersion: 13, appium:skipServerInstallation: false, appium:skipUnlock: true, appium:statBarHeight: 107, appium:systemPort: 8200, appium:takesScreenshot: true, appium:viewportRect: {height: 2186, left: 0, top: 107, width: 1080}, appium:warnings: {}, appium:webStorageEnabled: false, platformName: ANDROID}
Session ID: 121527d9-b979-41be-9948-760497506eb1" type="org.openqa.selenium.WebDriverException">
      <![CDATA[org.openqa.selenium.WebDriverException: Connection refused: no further information
Build info: version: '4.10.0', revision: 'c14d967899'
System info: os.name: 'Windows 11', os.arch: 'amd64', os.version: '10.0', java.version: '17.0.5'
Driver info: io.appium.java_client.android.AndroidDriver
Command: [121527d9-b979-41be-9948-760497506eb1, screenshot {}]
Capabilities {appium:appActivity: com.emcrey.bouki.MainActivity, appium:appPackage: com.emcrey.riyadbank.cert, appium:autoGrantPermissions: true, appium:clearDeviceLogsOnStart: true, appium:clearSystemFiles: false, appium:databaseEnabled: false, appium:desired: {appActivity: com.emcrey.bouki.MainActivity, appPackage: com.emcrey.riyadbank.cert, autoGrantPermissions: true, clearDeviceLogsOnStart: true, clearSystemFiles: false, deviceName: AhmedM, ignoreHiddenApiPolicyError: true, noReset: true, noSign: true, platformName: ANDROID, platformVersion: 13, skipServerInstallation: false, skipUnlock: true, systemPort: 8200}, appium:deviceApiLevel: 33, appium:deviceManufacturer: OPPO, appium:deviceModel: CPH2159, appium:deviceName: 3468a9a9, appium:deviceScreenDensity: 480, appium:deviceScreenSize: 1080x2400, appium:deviceUDID: 3468a9a9, appium:ignoreHiddenApiPolicyError: true, appium:javascriptEnabled: true, appium:locationContextEnabled: false, appium:networkConnectionEnabled: true, appium:noReset: true, appium:noSign: true, appium:pixelRatio: 3, appium:platformVersion: 13, appium:skipServerInstallation: false, appium:skipUnlock: true, appium:statBarHeight: 107, appium:systemPort: 8200, appium:takesScreenshot: true, appium:viewportRect: {height: 2186, left: 0, top: 107, width: 1080}, appium:warnings: {}, appium:webStorageEnabled: false, platformName: ANDROID}
Session ID: 121527d9-b979-41be-9948-760497506eb1
at io.appium.java_client.remote.AppiumCommandExecutor.lambda$execute$4(AppiumCommandExecutor.java:262)
at java.base/java.util.Optional.orElseGet(Optional.java:364)
at io.appium.java_client.remote.AppiumCommandExecutor.execute(AppiumCommandExecutor.java:261)
at org.openqa.selenium.remote.RemoteWebDriver.execute(RemoteWebDriver.java:531)
at org.openqa.selenium.remote.RemoteWebDriver.execute(RemoteWebDriver.java:590)
at io.appium.java_client.AppiumDriver.execute(AppiumDriver.java:313)
at org.openqa.selenium.remote.RemoteWebDriver.getScreenshotAs(RemoteWebDriver.java:316)
at io.appium.java_client.AppiumDriver.getScreenshotAs(AppiumDriver.java:322)
at P01_Base.Base.AfterMethod(Base.java:86)
at java.base/jdk.internal.reflect.NativeMethodAccessorImpl.invoke0(Native Method)
at java.base/jdk.internal.reflect.NativeMethodAccessorImpl.invoke(NativeMethodAccessorImpl.java:77)
at java.base/jdk.internal.reflect.DelegatingMethodAccessorImpl.invoke(DelegatingMethodAccessorImpl.java:43)
at java.base/java.lang.reflect.Method.invoke(Method.java:568)
at org.testng.internal.MethodInvocationHelper.invokeMethod(MethodInvocationHelper.java:133)
at org.testng.internal.MethodInvocationHelper.invokeMethodConsideringTimeout(MethodInvocationHelper.java:62)
at org.testng.internal.ConfigInvoker.invokeConfigurationMethod(ConfigInvoker.java:385)
at org.testng.internal.ConfigInvoker.invokeConfigurations(ConfigInvoker.java:321)
at org.testng.internal.TestInvoker.runConfigMethods(TestInvoker.java:700)
at org.testng.internal.TestInvoker.runAfterGroupsConfigurations(TestInvoker.java:676)
at org.testng.internal.TestInvoker.invokeMethod(TestInvoker.java:660)
at org.testng.internal.TestInvoker.invokeTestMethod(TestInvoker.java:173)
at org.testng.internal.MethodRunner.runInSequence(MethodRunner.java:46)
at org.testng.internal.TestInvoker$MethodInvocationAgent.invoke(TestInvoker.java:824)
at org.testng.internal.TestInvoker.invokeTestMethods(TestInvoker.java:146)
at org.testng.internal.TestMethodWorker.invokeTestMethods(TestMethodWorker.java:146)
at org.testng.internal.TestMethodWorker.run(TestMethodWorker.java:128)
at java.base/java.util.ArrayList.forEach(ArrayList.java:1511)
at org.testng.TestRunner.privateRun(TestRunner.java:794)
at org.testng.TestRunner.run(TestRunner.java:596)
at org.testng.SuiteRunner.runTest(SuiteRunner.java:377)
at org.testng.SuiteRunner.runSequentially(SuiteRunner.java:371)
at org.testng.SuiteRunner.privateRun(SuiteRunner.java:332)
at org.testng.SuiteRunner.run(SuiteRunner.java:276)
at org.testng.SuiteRunnerWorker.runSuite(SuiteRunnerWorker.java:53)
at org.testng.SuiteRunnerWorker.run(SuiteRunnerWorker.java:96)
at org.testng.TestNG.runSuitesSequentially(TestNG.java:1212)
at org.testng.TestNG.runSuitesLocally(TestNG.java:1134)
at org.testng.TestNG.runSuites(TestNG.java:1063)
at org.testng.TestNG.run(TestNG.java:1031)
at org.testng.remote.AbstractRemoteTestNG.run(AbstractRemoteTestNG.java:115)
at org.testng.remote.RemoteTestNG.initAndRun(RemoteTestNG.java:251)
at org.testng.remote.RemoteTestNG.main(RemoteTestNG.java:77)
Caused by: java.net.ConnectException: Connection refused: no further information
at java.base/sun.nio.ch.Net.pollConnect(Native Method)
at java.base/sun.nio.ch.Net.pollConnectNow(Net.java:672)
at java.base/sun.nio.ch.SocketChannelImpl.finishConnect(SocketChannelImpl.java:946)
at io.netty.channel.socket.nio.NioSocketChannel.doFinishConnect(NioSocketChannel.java:337)
at io.netty.channel.nio.AbstractNioChannel$AbstractNioUnsafe.finishConnect(AbstractNioChannel.java:334)
at io.netty.channel.nio.NioEventLoop.processSelectedKey(NioEventLoop.java:776)
at io.netty.channel.nio.NioEventLoop.processSelectedKeysOptimized(NioEventLoop.java:724)
at io.netty.channel.nio.NioEventLoop.processSelectedKeys(NioEventLoop.java:650)
at io.netty.channel.nio.NioEventLoop.run(NioEventLoop.java:562)
at io.netty.util.concurrent.SingleThreadEventExecutor$4.run(SingleThreadEventExecutor.java:997)
at io.netty.util.internal.ThreadExecutorMap$2.run(ThreadExecutorMap.java:74)
at io.netty.util.concurrent.FastThreadLocalRunnable.run(FastThreadLocalRunnable.java:30)
at java.base/java.lang.Thread.run(Thread.java:833)
]]>
    </error>
  </testcase> <!-- AfterMethod -->
  <system-out/>
  <testcase classname="P01_Testcases.Add_Beneficiaries" name="Open_And_Login_Test" time="16.079"/>
  <system-out/>
  <testcase classname="P01_Testcases.Add_Beneficiaries" name="Open_Profile" time="6.709"/>
  <system-out/>
  <testcase classname="P01_Testcases.Add_Beneficiaries" name="Open_Manage_Beneficiaries" time="1.566"/>
  <system-out/>
  <testcase classname="P01_Testcases.Add_Beneficiaries" name="Local_Bank_Beneficiaries" time="12.867"/>
  <system-out/>
  <testcase classname="P01_Testcases.Add_Beneficiaries" name="Confirm_Add" time="6.509">
    <error message="Connection refused: no further information
Build info: version: &#039;4.10.0&#039;, revision: &#039;c14d967899&#039;
System info: os.name: &#039;Windows 11&#039;, os.arch: &#039;amd64&#039;, os.version: &#039;10.0&#039;, java.version: &#039;17.0.5&#039;
Driver info: io.appium.java_client.android.AndroidDriver
Command: [121527d9-b979-41be-9948-760497506eb1, setTimeout {implicit=10000}]
Capabilities {appium:appActivity: com.emcrey.bouki.MainActivity, appium:appPackage: com.emcrey.riyadbank.cert, appium:autoGrantPermissions: true, appium:clearDeviceLogsOnStart: true, appium:clearSystemFiles: false, appium:databaseEnabled: false, appium:desired: {appActivity: com.emcrey.bouki.MainActivity, appPackage: com.emcrey.riyadbank.cert, autoGrantPermissions: true, clearDeviceLogsOnStart: true, clearSystemFiles: false, deviceName: AhmedM, ignoreHiddenApiPolicyError: true, noReset: true, noSign: true, platformName: ANDROID, platformVersion: 13, skipServerInstallation: false, skipUnlock: true, systemPort: 8200}, appium:deviceApiLevel: 33, appium:deviceManufacturer: OPPO, appium:deviceModel: CPH2159, appium:deviceName: 3468a9a9, appium:deviceScreenDensity: 480, appium:deviceScreenSize: 1080x2400, appium:deviceUDID: 3468a9a9, appium:ignoreHiddenApiPolicyError: true, appium:javascriptEnabled: true, appium:locationContextEnabled: false, appium:networkConnectionEnabled: true, appium:noReset: true, appium:noSign: true, appium:pixelRatio: 3, appium:platformVersion: 13, appium:skipServerInstallation: false, appium:skipUnlock: true, appium:statBarHeight: 107, appium:systemPort: 8200, appium:takesScreenshot: true, appium:viewportRect: {height: 2186, left: 0, top: 107, width: 1080}, appium:warnings: {}, appium:webStorageEnabled: false, platformName: ANDROID}
Session ID: 121527d9-b979-41be-9948-760497506eb1" type="org.openqa.selenium.WebDriverException">
      <![CDATA[org.openqa.selenium.WebDriverException: Connection refused: no further information
Build info: version: '4.10.0', revision: 'c14d967899'
System info: os.name: 'Windows 11', os.arch: 'amd64', os.version: '10.0', java.version: '17.0.5'
Driver info: io.appium.java_client.android.AndroidDriver
Command: [121527d9-b979-41be-9948-760497506eb1, setTimeout {implicit=10000}]
Capabilities {appium:appActivity: com.emcrey.bouki.MainActivity, appium:appPackage: com.emcrey.riyadbank.cert, appium:autoGrantPermissions: true, appium:clearDeviceLogsOnStart: true, appium:clearSystemFiles: false, appium:databaseEnabled: false, appium:desired: {appActivity: com.emcrey.bouki.MainActivity, appPackage: com.emcrey.riyadbank.cert, autoGrantPermissions: true, clearDeviceLogsOnStart: true, clearSystemFiles: false, deviceName: AhmedM, ignoreHiddenApiPolicyError: true, noReset: true, noSign: true, platformName: ANDROID, platformVersion: 13, skipServerInstallation: false, skipUnlock: true, systemPort: 8200}, appium:deviceApiLevel: 33, appium:deviceManufacturer: OPPO, appium:deviceModel: CPH2159, appium:deviceName: 3468a9a9, appium:deviceScreenDensity: 480, appium:deviceScreenSize: 1080x2400, appium:deviceUDID: 3468a9a9, appium:ignoreHiddenApiPolicyError: true, appium:javascriptEnabled: true, appium:locationContextEnabled: false, appium:networkConnectionEnabled: true, appium:noReset: true, appium:noSign: true, appium:pixelRatio: 3, appium:platformVersion: 13, appium:skipServerInstallation: false, appium:skipUnlock: true, appium:statBarHeight: 107, appium:systemPort: 8200, appium:takesScreenshot: true, appium:viewportRect: {height: 2186, left: 0, top: 107, width: 1080}, appium:warnings: {}, appium:webStorageEnabled: false, platformName: ANDROID}
Session ID: 121527d9-b979-41be-9948-760497506eb1
at io.appium.java_client.remote.AppiumCommandExecutor.lambda$execute$4(AppiumCommandExecutor.java:262)
at java.base/java.util.Optional.orElseGet(Optional.java:364)
at io.appium.java_client.remote.AppiumCommandExecutor.execute(AppiumCommandExecutor.java:261)
at org.openqa.selenium.remote.RemoteWebDriver.execute(RemoteWebDriver.java:531)
at org.openqa.selenium.remote.RemoteWebDriver$RemoteWebDriverOptions$RemoteTimeouts.implicitlyWait(RemoteWebDriver.java:855)
at P03_Screens.ProfileScreen.Confirm_Add(ProfileScreen.java:245)
at P01_Testcases.Add_Beneficiaries.Confirm_Add(Add_Beneficiaries.java:61)
at java.base/jdk.internal.reflect.NativeMethodAccessorImpl.invoke0(Native Method)
at java.base/jdk.internal.reflect.NativeMethodAccessorImpl.invoke(NativeMethodAccessorImpl.java:77)
at java.base/jdk.internal.reflect.DelegatingMethodAccessorImpl.invoke(DelegatingMethodAccessorImpl.java:43)
at java.base/java.lang.reflect.Method.invoke(Method.java:568)
at org.testng.internal.MethodInvocationHelper.invokeMethod(MethodInvocationHelper.java:133)
at org.testng.internal.TestInvoker.invokeMethod(TestInvoker.java:598)
at org.testng.internal.TestInvoker.invokeTestMethod(TestInvoker.java:173)
at org.testng.internal.MethodRunner.runInSequence(MethodRunner.java:46)
at org.testng.internal.TestInvoker$MethodInvocationAgent.invoke(TestInvoker.java:824)
at org.testng.internal.TestInvoker.invokeTestMethods(TestInvoker.java:146)
at org.testng.internal.TestMethodWorker.invokeTestMethods(TestMethodWorker.java:146)
at org.testng.internal.TestMethodWorker.run(TestMethodWorker.java:128)
at java.base/java.util.ArrayList.forEach(ArrayList.java:1511)
at org.testng.TestRunner.privateRun(TestRunner.java:794)
at org.testng.TestRunner.run(TestRunner.java:596)
at org.testng.SuiteRunner.runTest(SuiteRunner.java:377)
at org.testng.SuiteRunner.runSequentially(SuiteRunner.java:371)
at org.testng.SuiteRunner.privateRun(SuiteRunner.java:332)
at org.testng.SuiteRunner.run(SuiteRunner.java:276)
at org.testng.SuiteRunnerWorker.runSuite(SuiteRunnerWorker.java:53)
at org.testng.SuiteRunnerWorker.run(SuiteRunnerWorker.java:96)
at org.testng.TestNG.runSuitesSequentially(TestNG.java:1212)
at org.testng.TestNG.runSuitesLocally(TestNG.java:1134)
at org.testng.TestNG.runSuites(TestNG.java:1063)
at org.testng.TestNG.run(TestNG.java:1031)
at org.testng.remote.AbstractRemoteTestNG.run(AbstractRemoteTestNG.java:115)
at org.testng.remote.RemoteTestNG.initAndRun(RemoteTestNG.java:251)
at org.testng.remote.RemoteTestNG.main(RemoteTestNG.java:77)
Caused by: java.net.ConnectException: Connection refused: no further information
at java.base/sun.nio.ch.Net.pollConnect(Native Method)
at java.base/sun.nio.ch.Net.pollConnectNow(Net.java:672)
at java.base/sun.nio.ch.SocketChannelImpl.finishConnect(SocketChannelImpl.java:946)
at io.netty.channel.socket.nio.NioSocketChannel.doFinishConnect(NioSocketChannel.java:337)
at io.netty.channel.nio.AbstractNioChannel$AbstractNioUnsafe.finishConnect(AbstractNioChannel.java:334)
at io.netty.channel.nio.NioEventLoop.processSelectedKey(NioEventLoop.java:776)
at io.netty.channel.nio.NioEventLoop.processSelectedKeysOptimized(NioEventLoop.java:724)
at io.netty.channel.nio.NioEventLoop.processSelectedKeys(NioEventLoop.java:650)
at io.netty.channel.nio.NioEventLoop.run(NioEventLoop.java:562)
at io.netty.util.concurrent.SingleThreadEventExecutor$4.run(SingleThreadEventExecutor.java:997)
at io.netty.util.internal.ThreadExecutorMap$2.run(ThreadExecutorMap.java:74)
at io.netty.util.concurrent.FastThreadLocalRunnable.run(FastThreadLocalRunnable.java:30)
at java.base/java.lang.Thread.run(Thread.java:833)
]]>
    </error>
  </testcase> <!-- Confirm_Add -->
  <system-out/>
  <testcase classname="P01_Testcases.Add_Beneficiaries" name="Logout_And_Close_Test" time="0.000">
    <skipped/>
  </testcase> <!-- Logout_And_Close_Test -->
  <system-out/>
</testsuite> <!-- P01_Testcases.Add_Beneficiaries -->
