<?xml version="1.0" encoding="UTF-8"?>
<!-- Generated by org.testng.reporters.JUnitReportReporter -->
<testsuite hostname="Ahmad-AbuAli" failures="0" tests="1" name="P01_Base.C01_Base" time="40.925" errors="0" timestamp="2023-05-17T15:50:36 AST" skipped="0">
  <testcase classname="P01_Base.C01_Base" name="BeforeClass" time="40.925"/>
  <system-out/>
</testsuite> <!-- P01_Base.C01_Base -->
